
GET CONVERSATION ERROR:
MongoNetworkError: getaddrinfo ENOTFOUND ac-ad37lse-shard-00-02.yepa5ez.mongodb.net
    at TLSSocket.<anonymous> (C:\Users\shiva\Desktop\NextLevelProjects\TetherChat\Backend\node_modules\mongodb\lib\cmap\connect.js:297:44)
    at Object.onceWrapper (node:events:623:26)
    at TLSSocket.emit (node:events:508:28)
    at emitErrorNT (node:internal/streams/destroy:170:8)
    at emitErrorCloseNT (node:internal/streams/destroy:129:3)
    at process.processTicksAndRejections (node:internal/process/task_queues:89:21)

GET CONVERSATION ERROR:
MongoNetworkError: getaddrinfo ENOTFOUND ac-ad37lse-shard-00-02.yepa5ez.mongodb.net
    at TLSSocket.<anonymous> (C:\Users\shiva\Desktop\NextLevelProjects\TetherChat\Backend\node_modules\mongodb\lib\cmap\connect.js:297:44)
    at Object.onceWrapper (node:events:623:26)
    at TLSSocket.emit (node:events:508:28)
    at emitErrorNT (node:internal/streams/destroy:170:8)
    at emitErrorCloseNT (node:internal/streams/destroy:129:3)
    at process.processTicksAndRejections (node:internal/process/task_queues:89:21)

GET CONVERSATION ERROR:
MongoNetworkError: getaddrinfo ENOTFOUND ac-ad37lse-shard-00-02.yepa5ez.mongodb.net
    at TLSSocket.<anonymous> (C:\Users\shiva\Desktop\NextLevelProjects\TetherChat\Backend\node_modules\mongodb\lib\cmap\connect.js:297:44)
    at Object.onceWrapper (node:events:623:26)
    at TLSSocket.emit (node:events:508:28)
    at emitErrorNT (node:internal/streams/destroy:170:8)
    at emitErrorCloseNT (node:internal/streams/destroy:129:3)
    at process.processTicksAndRejections (node:internal/process/task_queues:89:21)

GET CONVERSATION ERROR:
MongoNetworkError: getaddrinfo ENOTFOUND ac-ad37lse-shard-00-02.yepa5ez.mongodb.net
    at TLSSocket.<anonymous> (C:\Users\shiva\Desktop\NextLevelProjects\TetherChat\Backend\node_modules\mongodb\lib\cmap\connect.js:297:44)
    at Object.onceWrapper (node:events:623:26)
    at TLSSocket.emit (node:events:508:28)
    at emitErrorNT (node:internal/streams/destroy:170:8)
    at emitErrorCloseNT (node:internal/streams/destroy:129:3)
    at process.processTicksAndRejections (node:internal/process/task_queues:89:21)

GET CONVERSATION ERROR:
MongoNetworkError: getaddrinfo ENOTFOUND ac-ad37lse-shard-00-02.yepa5ez.mongodb.net
    at TLSSocket.<anonymous> (C:\Users\shiva\Desktop\NextLevelProjects\TetherChat\Backend\node_modules\mongodb\lib\cmap\connect.js:297:44)
    at Object.onceWrapper (node:events:623:26)
    at TLSSocket.emit (node:events:508:28)
    at emitErrorNT (node:internal/streams/destroy:170:8)
    at emitErrorCloseNT (node:internal/streams/destroy:129:3)
    at process.processTicksAndRejections (node:internal/process/task_queues:89:21)

GET CONVERSATION ERROR:
MongoServerSelectionError: getaddrinfo ENOTFOUND ac-ad37lse-shard-00-01.yepa5ez.mongodb.net
    at Topology.selectServer (C:\Users\shiva\Desktop\NextLevelProjects\TetherChat\Backend\node_modules\mongodb\lib\sdam\topology.js:347:38)
    at async tryOperation (C:\Users\shiva\Desktop\NextLevelProjects\TetherChat\Backend\node_modules\mongodb\lib\operations\execute_operation.js:150:18)
    at async executeOperation (C:\Users\shiva\Desktop\NextLevelProjects\TetherChat\Backend\node_modules\mongodb\lib\operations\execute_operation.js:80:16)
    at async FindCursor._initialize (C:\Users\shiva\Desktop\NextLevelProjects\TetherChat\Backend\node_modules\mongodb\lib\cursor\find_cursor.js:62:26)
    at async FindCursor.cursorInit (C:\Users\shiva\Desktop\NextLevelProjects\TetherChat\Backend\node_modules\mongodb\lib\cursor\abstract_cursor.js:620:27)
    at async FindCursor.fetchBatch (C:\Users\shiva\Desktop\NextLevelProjects\TetherChat\Backend\node_modules\mongodb\lib\cursor\abstract_cursor.js:654:13)
    at async FindCursor.next (C:\Users\shiva\Desktop\NextLevelProjects\TetherChat\Backend\node_modules\mongodb\lib\cursor\abstract_cursor.js:326:17)
    at async [Symbol.asyncIterator] (C:\Users\shiva\Desktop\NextLevelProjects\TetherChat\Backend\node_modules\mongodb\lib\cursor\abstract_cursor.js:254:34)
    at async FindCursor.toArray (C:\Users\shiva\Desktop\NextLevelProjects\TetherChat\Backend\node_modules\mongodb\lib\cursor\abstract_cursor.js:406:26)
    at async model.Query._find (C:\Users\shiva\Desktop\NextLevelProjects\TetherChat\Backend\node_modules\mongoose\lib\query.js:2434:14)

GET CONVERSATION ERROR:
MongoServerSelectionError: getaddrinfo ENOTFOUND ac-ad37lse-shard-00-01.yepa5ez.mongodb.net
    at Topology.selectServer (C:\Users\shiva\Desktop\NextLevelProjects\TetherChat\Backend\node_modules\mongodb\lib\sdam\topology.js:347:38)
    at async tryOperation (C:\Users\shiva\Desktop\NextLevelProjects\TetherChat\Backend\node_modules\mongodb\lib\operations\execute_operation.js:150:18)
    at async executeOperation (C:\Users\shiva\Desktop\NextLevelProjects\TetherChat\Backend\node_modules\mongodb\lib\operations\execute_operation.js:80:16)
    at async FindCursor._initialize (C:\Users\shiva\Desktop\NextLevelProjects\TetherChat\Backend\node_modules\mongodb\lib\cursor\find_cursor.js:62:26)
    at async FindCursor.cursorInit (C:\Users\shiva\Desktop\NextLevelProjects\TetherChat\Backend\node_modules\mongodb\lib\cursor\abstract_cursor.js:620:27)
    at async FindCursor.fetchBatch (C:\Users\shiva\Desktop\NextLevelProjects\TetherChat\Backend\node_modules\mongodb\lib\cursor\abstract_cursor.js:654:13)
    at async FindCursor.next (C:\Users\shiva\Desktop\NextLevelProjects\TetherChat\Backend\node_modules\mongodb\lib\cursor\abstract_cursor.js:326:17)
    at async [Symbol.asyncIterator] (C:\Users\shiva\Desktop\NextLevelProjects\TetherChat\Backend\node_modules\mongodb\lib\cursor\abstract_cursor.js:254:34)
    at async FindCursor.toArray (C:\Users\shiva\Desktop\NextLevelProjects\TetherChat\Backend\node_modules\mongodb\lib\cursor\abstract_cursor.js:406:26)
    at async model.Query._find (C:\Users\shiva\Desktop\NextLevelProjects\TetherChat\Backend\node_modules\mongoose\lib\query.js:2434:14)

GET CONVERSATION ERROR:
MongoServerSelectionError: getaddrinfo ENOTFOUND ac-ad37lse-shard-00-01.yepa5ez.mongodb.net
    at Topology.selectServer (C:\Users\shiva\Desktop\NextLevelProjects\TetherChat\Backend\node_modules\mongodb\lib\sdam\topology.js:347:38)
    at async tryOperation (C:\Users\shiva\Desktop\NextLevelProjects\TetherChat\Backend\node_modules\mongodb\lib\operations\execute_operation.js:150:18)
    at async executeOperation (C:\Users\shiva\Desktop\NextLevelProjects\TetherChat\Backend\node_modules\mongodb\lib\operations\execute_operation.js:80:16)
    at async FindCursor._initialize (C:\Users\shiva\Desktop\NextLevelProjects\TetherChat\Backend\node_modules\mongodb\lib\cursor\find_cursor.js:62:26)
    at async FindCursor.cursorInit (C:\Users\shiva\Desktop\NextLevelProjects\TetherChat\Backend\node_modules\mongodb\lib\cursor\abstract_cursor.js:620:27)
    at async FindCursor.fetchBatch (C:\Users\shiva\Desktop\NextLevelProjects\TetherChat\Backend\node_modules\mongodb\lib\cursor\abstract_cursor.js:654:13)
    at async FindCursor.next (C:\Users\shiva\Desktop\NextLevelProjects\TetherChat\Backend\node_modules\mongodb\lib\cursor\abstract_cursor.js:326:17)
    at async [Symbol.asyncIterator] (C:\Users\shiva\Desktop\NextLevelProjects\TetherChat\Backend\node_modules\mongodb\lib\cursor\abstract_cursor.js:254:34)
    at async FindCursor.toArray (C:\Users\shiva\Desktop\NextLevelProjects\TetherChat\Backend\node_modules\mongodb\lib\cursor\abstract_cursor.js:406:26)
    at async model.Query._find (C:\Users\shiva\Desktop\NextLevelProjects\TetherChat\Backend\node_modules\mongoose\lib\query.js:2434:14)

GET CONVERSATION ERROR:
MongoServerSelectionError: getaddrinfo ENOTFOUND ac-ad37lse-shard-00-01.yepa5ez.mongodb.net
    at Topology.selectServer (C:\Users\shiva\Desktop\NextLevelProjects\TetherChat\Backend\node_modules\mongodb\lib\sdam\topology.js:347:38)
    at async tryOperation (C:\Users\shiva\Desktop\NextLevelProjects\TetherChat\Backend\node_modules\mongodb\lib\operations\execute_operation.js:150:18)
    at async executeOperation (C:\Users\shiva\Desktop\NextLevelProjects\TetherChat\Backend\node_modules\mongodb\lib\operations\execute_operation.js:80:16)
    at async FindCursor._initialize (C:\Users\shiva\Desktop\NextLevelProjects\TetherChat\Backend\node_modules\mongodb\lib\cursor\find_cursor.js:62:26)
    at async FindCursor.cursorInit (C:\Users\shiva\Desktop\NextLevelProjects\TetherChat\Backend\node_modules\mongodb\lib\cursor\abstract_cursor.js:620:27)
    at async FindCursor.fetchBatch (C:\Users\shiva\Desktop\NextLevelProjects\TetherChat\Backend\node_modules\mongodb\lib\cursor\abstract_cursor.js:654:13)
    at async FindCursor.next (C:\Users\shiva\Desktop\NextLevelProjects\TetherChat\Backend\node_modules\mongodb\lib\cursor\abstract_cursor.js:326:17)
    at async [Symbol.asyncIterator] (C:\Users\shiva\Desktop\NextLevelProjects\TetherChat\Backend\node_modules\mongodb\lib\cursor\abstract_cursor.js:254:34)
    at async FindCursor.toArray (C:\Users\shiva\Desktop\NextLevelProjects\TetherChat\Backend\node_modules\mongodb\lib\cursor\abstract_cursor.js:406:26)
    at async model.Query._find (C:\Users\shiva\Desktop\NextLevelProjects\TetherChat\Backend\node_modules\mongoose\lib\query.js:2434:14)

GET CONVERSATION ERROR:
MongoServerSelectionError: getaddrinfo ENOTFOUND ac-ad37lse-shard-00-01.yepa5ez.mongodb.net
    at Topology.selectServer (C:\Users\shiva\Desktop\NextLevelProjects\TetherChat\Backend\node_modules\mongodb\lib\sdam\topology.js:347:38)
    at async tryOperation (C:\Users\shiva\Desktop\NextLevelProjects\TetherChat\Backend\node_modules\mongodb\lib\operations\execute_operation.js:150:18)
    at async executeOperation (C:\Users\shiva\Desktop\NextLevelProjects\TetherChat\Backend\node_modules\mongodb\lib\operations\execute_operation.js:80:16)
    at async FindCursor._initialize (C:\Users\shiva\Desktop\NextLevelProjects\TetherChat\Backend\node_modules\mongodb\lib\cursor\find_cursor.js:62:26)
    at async FindCursor.cursorInit (C:\Users\shiva\Desktop\NextLevelProjects\TetherChat\Backend\node_modules\mongodb\lib\cursor\abstract_cursor.js:620:27)
    at async FindCursor.fetchBatch (C:\Users\shiva\Desktop\NextLevelProjects\TetherChat\Backend\node_modules\mongodb\lib\cursor\abstract_cursor.js:654:13)
    at async FindCursor.next (C:\Users\shiva\Desktop\NextLevelProjects\TetherChat\Backend\node_modules\mongodb\lib\cursor\abstract_cursor.js:326:17)
    at async [Symbol.asyncIterator] (C:\Users\shiva\Desktop\NextLevelProjects\TetherChat\Backend\node_modules\mongodb\lib\cursor\abstract_cursor.js:254:34)
    at async FindCursor.toArray (C:\Users\shiva\Desktop\NextLevelProjects\TetherChat\Backend\node_modules\mongodb\lib\cursor\abstract_cursor.js:406:26)
    at async model.Query._find (C:\Users\shiva\Desktop\NextLevelProjects\TetherChat\Backend\node_modules\mongoose\lib\query.js:2434:14)

GET CONVERSATION ERROR:
MongoServerSelectionError: getaddrinfo ENOTFOUND ac-ad37lse-shard-00-01.yepa5ez.mongodb.net
    at Topology.selectServer (C:\Users\shiva\Desktop\NextLevelProjects\TetherChat\Backend\node_modules\mongodb\lib\sdam\topology.js:347:38)
    at async tryOperation (C:\Users\shiva\Desktop\NextLevelProjects\TetherChat\Backend\node_modules\mongodb\lib\operations\execute_operation.js:150:18)
    at async executeOperation (C:\Users\shiva\Desktop\NextLevelProjects\TetherChat\Backend\node_modules\mongodb\lib\operations\execute_operation.js:80:16)
    at async FindCursor._initialize (C:\Users\shiva\Desktop\NextLevelProjects\TetherChat\Backend\node_modules\mongodb\lib\cursor\find_cursor.js:62:26)
    at async FindCursor.cursorInit (C:\Users\shiva\Desktop\NextLevelProjects\TetherChat\Backend\node_modules\mongodb\lib\cursor\abstract_cursor.js:620:27)
    at async FindCursor.fetchBatch (C:\Users\shiva\Desktop\NextLevelProjects\TetherChat\Backend\node_modules\mongodb\lib\cursor\abstract_cursor.js:654:13)
    at async FindCursor.next (C:\Users\shiva\Desktop\NextLevelProjects\TetherChat\Backend\node_modules\mongodb\lib\cursor\abstract_cursor.js:326:17)
    at async [Symbol.asyncIterator] (C:\Users\shiva\Desktop\NextLevelProjects\TetherChat\Backend\node_modules\mongodb\lib\cursor\abstract_cursor.js:254:34)
    at async FindCursor.toArray (C:\Users\shiva\Desktop\NextLevelProjects\TetherChat\Backend\node_modules\mongodb\lib\cursor\abstract_cursor.js:406:26)
    at async model.Query._find (C:\Users\shiva\Desktop\NextLevelProjects\TetherChat\Backend\node_modules\mongoose\lib\query.js:2434:14)
